{"level":"warn","message":"No photos found for place:"}
{"level":"warn","message":"No photos found for place:"}
{"level":"warn","message":"No photos found for place:"}
{"level":"warn","message":"No photos found for place:"}
{"level":"warn","message":"No photos found for place:"}
{"level":"warn","message":"No photos found for place:"}
{"level":"warn","message":"No photos found for place:"}
{"level":"warn","message":"No photos found for place 5306827a498e843a59439e0c"}
{"level":"warn","message":"No photos found for place 5a4c205df8cbd4709ed7b9c6"}
{"level":"warn","message":"No photos found for place 5306827a498e843a59439e0c"}
{"level":"warn","message":"No photos found for place 5306827a498e843a59439e0c"}
{"level":"warn","message":"No photos found for place 5a4c205df8cbd4709ed7b9c6"}
{"level":"warn","message":"No photos found for place 5a4c205df8cbd4709ed7b9c6"}
{"level":"warn","message":"No photos found for place 5a4c205df8cbd4709ed7b9c6"}
{"level":"warn","message":"No photos found for place 5a4c205df8cbd4709ed7b9c6"}
{"level":"warn","message":"No photos found for place 5a4c205df8cbd4709ed7b9c6"}
{"level":"warn","message":"No photos found for place 5a4c205df8cbd4709ed7b9c6"}
{"level":"warn","message":"No photos found for place 5a4c205df8cbd4709ed7b9c6"}
{"level":"warn","message":"No photos found for place 5306827a498e843a59439e0c"}
{"level":"warn","message":"No photos found for place 59af447ad3cce8317c4d2ca0"}
{"level":"warn","message":"No photos found for place 56d0c429498e02f88af40456"}
{"level":"warn","message":"No photos found for place 52db67ab498e290481aebce9"}
{"level":"warn","message":"No photos found for place 52c5263711d257326cc78516"}
{"level":"warn","message":"No photos found for place 553d6ae7498e047845f2ea39"}
{"level":"warn","message":"No photos found for place 5a4c205df8cbd4709ed7b9c6"}
{"level":"warn","message":"No photos found for place 5a4c205df8cbd4709ed7b9c6"}
{"level":"warn","message":"No photos found for place 5219611011d2effcbd95e64d"}
{"level":"warn","message":"No photos found for place 5219611011d2effcbd95e64d"}
{"level":"warn","message":"No photos found for place 5219611011d2effcbd95e64d"}
{"level":"error","message":"Error fetching places: connect ETIMEDOUT 146.75.126.132:443"}
{"level":"warn","message":"No photos found for place 5219611011d2effcbd95e64d"}
{"level":"warn","message":"No photos found for place 5219611011d2effcbd95e64d"}
{"level":"warn","message":"No more places available"}
{"level":"warn","message":"No photos found for place 5219611011d2effcbd95e64d"}
{"level":"warn","message":"No photos found for place 5219611011d2effcbd95e64d"}
{"level":"warn","message":"No more places available"}
{"level":"warn","message":"No photos found for place 5219611011d2effcbd95e64d"}
{"level":"warn","message":"No more places available"}
{"level":"warn","message":"No more places available"}
{"level":"warn","message":"No photos found for place 5219611011d2effcbd95e64d"}
{"level":"warn","message":"No more places available"}
{"level":"warn","message":"No photos found for place 5219611011d2effcbd95e64d"}
{"level":"warn","message":"No more places available"}
{"level":"warn","message":"No photos found for place 5219611011d2effcbd95e64d"}
{"level":"warn","message":"No photos found for place 5219611011d2effcbd95e64d"}
{"level":"warn","message":"No photos found for place 5219611011d2effcbd95e64d"}
{"level":"warn","message":"No photos found for place 5219611011d2effcbd95e64d"}
{"level":"warn","message":"Next link not available"}
{"level":"warn","message":"No photos found for place 5219611011d2effcbd95e64d"}
{"level":"warn","message":"No photos found for place 5219611011d2effcbd95e64d"}
{"level":"warn","message":"No photos found for place 5219611011d2effcbd95e64d"}
{"level":"warn","message":"No photos found for place 5219611011d2effcbd95e64d"}
{"level":"warn","message":"No photos found for place 5219611011d2effcbd95e64d"}
{"level":"warn","message":"No photos found for place 5219611011d2effcbd95e64d"}
{"level":"warn","message":"No photos found for place 5219611011d2effcbd95e64d"}
{"level":"warn","message":"No photos found for place 5306827a498e843a59439e0c"}
{"level":"warn","message":"No photos found for place 5306827a498e843a59439e0c"}
{"level":"warn","message":"No photos found for place 5219611011d2effcbd95e64d"}
{"level":"error","message":"Error fetching places: connect ECONNREFUSED 127.0.0.1:80"}
{"level":"warn","message":"No photos found for place 5219611011d2effcbd95e64d"}
{"level":"error","message":"Error fetching places: connect ECONNREFUSED 127.0.0.1:80"}
{"level":"warn","message":"No photos found for place 5219611011d2effcbd95e64d"}
{"level":"warn","message":"No photos found for place 5219611011d2effcbd95e64d"}
{"level":"warn","message":"No photos found for place 5219611011d2effcbd95e64d"}
{"level":"warn","message":"No photos found for place 560ddaaa498ee83abf981a82"}
{"level":"warn","message":"No photos found for place 52dde2f511d26da7ac2322d4"}
{"level":"warn","message":"No photos found for place 5219611011d2effcbd95e64d"}
{"level":"warn","message":"No photos found for place 52dde2f511d26da7ac2322d4"}
{"level":"warn","message":"No photos found for place 560ddaaa498ee83abf981a82"}
{"level":"warn","message":"No photos found for place 5219611011d2effcbd95e64d"}
{"level":"warn","message":"No photos found for place 5306827a498e843a59439e0c"}
{"level":"warn","message":"No photos found for place 5219611011d2effcbd95e64d"}
{"level":"warn","message":"No photos found for place 5219611011d2effcbd95e64d"}
{"level":"warn","message":"No photos found for place 560ddaaa498ee83abf981a82"}
{"level":"warn","message":"No photos found for place 52dde2f511d26da7ac2322d4"}
{"level":"warn","message":"No photos found for place 5306827a498e843a59439e0c"}
{"level":"warn","message":"No photos found for place 5626a51f498e67ab4ddd00eb"}
{"level":"warn","message":"No photos found for place 538a9a58498ec465ba6915dc"}
{"level":"warn","message":"No photos found for place 56f04c9b498e8d80d7dfef9b"}
{"level":"warn","message":"No photos found for place 5301284211d2388c0e031319"}
{"level":"warn","message":"No photos found for place 52db67ab498e290481aebce9"}
{"level":"warn","message":"No photos found for place 52c5263711d257326cc78516"}
{"level":"warn","message":"No photos found for place 50a3faffe4b04ed9df73a543"}
{"level":"warn","message":"No photos found for place 538a9a58498ec465ba6915dc"}
{"level":"warn","message":"No photos found for place 5626a51f498e67ab4ddd00eb"}
{"level":"warn","message":"No photos found for place 56f04c9b498e8d80d7dfef9b"}
{"level":"warn","message":"No photos found for place 5301284211d2388c0e031319"}
{"level":"warn","message":"No photos found for place 52c5263711d257326cc78516"}
{"level":"warn","message":"No photos found for place 52db67ab498e290481aebce9"}
{"level":"warn","message":"No photos found for place 50a3faffe4b04ed9df73a543"}
{"level":"warn","message":"No photos found for place 5219611011d2effcbd95e64d"}
{"level":"warn","message":"No photos found for place 5219611011d2effcbd95e64d"}
{"level":"warn","message":"No photos found for place 5219611011d2effcbd95e64d"}
{"level":"warn","message":"No photos found for place 52dde2f511d26da7ac2322d4"}
{"level":"warn","message":"No photos found for place 560ddaaa498ee83abf981a82"}
{"level":"warn","message":"No photos found for place 5219611011d2effcbd95e64d"}
{"level":"warn","message":"No photos found for place 52dde2f511d26da7ac2322d4"}
{"level":"warn","message":"No photos found for place 560ddaaa498ee83abf981a82"}
{"level":"warn","message":"No photos found for place 5306827a498e843a59439e0c"}
{"level":"warn","message":"No photos found for place 538a9a58498ec465ba6915dc"}
{"level":"warn","message":"No photos found for place 5626a51f498e67ab4ddd00eb"}
{"level":"warn","message":"No photos found for place 56f04c9b498e8d80d7dfef9b"}
{"level":"warn","message":"No photos found for place 52db67ab498e290481aebce9"}
{"level":"warn","message":"No photos found for place 52c5263711d257326cc78516"}
{"level":"warn","message":"No photos found for place 5301284211d2388c0e031319"}
{"level":"warn","message":"No photos found for place 50a3faffe4b04ed9df73a543"}
{"level":"warn","message":"No photos found for place 5974006ef62e09224bd04bcf"}
{"level":"warn","message":"No photos found for place 56a81252498e6399b8eab109"}
{"level":"warn","message":"No photos found for place 528944a8498e7593167be672"}
{"level":"warn","message":"No photos found for place 5219611011d2effcbd95e64d"}
{"level":"warn","message":"No photos found for place 5219611011d2effcbd95e64d"}
{"level":"warn","message":"No photos found for place 52dde2f511d26da7ac2322d4"}
{"level":"warn","message":"No photos found for place 560ddaaa498ee83abf981a82"}
{"level":"warn","message":"No photos found for place 5306827a498e843a59439e0c"}
{"level":"warn","message":"No photos found for place 5626a51f498e67ab4ddd00eb"}
{"level":"warn","message":"No photos found for place 4f8c4499e4b0e81f6a1110ac"}
{"level":"warn","message":"No photos found for place 59af45319ba3e56fdc721823"}
{"level":"warn","message":"No photos found for place 545be29c498e223c53f178b0"}
{"level":"warn","message":"No photos found for place 545be29c498e223c53f178b0"}
{"level":"warn","message":"No photos found for place 52ad29ae498e6f5e083cbbaf"}
{"level":"warn","message":"No photos found for place 52ad29ae498e6f5e083cbbaf"}
{"level":"warn","message":"No photos found for place 51d6293d498e5149440ace23"}
{"level":"warn","message":"No photos found for place 6009cbac02449e64059abb94"}
{"level":"warn","message":"No photos found for place 514f4601e4b043eb8d6d525e"}
{"level":"warn","message":"No photos found for place 4fc6b965e4b0b4c8bc44df3a"}
{"level":"warn","message":"No photos found for place 5306827a498e843a59439e0c"}
{"level":"warn","message":"No photos found for place 5457ddc3498e3fae7031a0b9"}
{"level":"warn","message":"No photos found for place 504b8310e4b09ab3b375c8f9"}
{"level":"warn","message":"No photos found for place 53c05f7e498e2e581dc89ced"}
{"level":"warn","message":"No photos found for place 504b8310e4b09ab3b375c8f9"}
{"level":"warn","message":"No photos found for place 53c05f7e498e2e581dc89ced"}
{"level":"warn","message":"No photos found for place 5457ddc3498e3fae7031a0b9"}
{"level":"warn","message":"No photos found for place 54d0efba498e60ecf19ee16a"}
{"level":"warn","message":"No photos found for place 501d9cdae4b04dbcf10d6a80"}
{"level":"warn","message":"No photos found for place 53e56c94498eed0b9f8d9a98"}
{"level":"warn","message":"No photos found for place 53c05f7e498e2e581dc89ced"}
{"level":"warn","message":"No photos found for place 5457ddc3498e3fae7031a0b9"}
{"level":"warn","message":"No photos found for place 504b8310e4b09ab3b375c8f9"}
{"level":"warn","message":"No photos found for place 52eda48e498efa1d0216aac7"}
{"level":"warn","message":"No photos found for place 53055a3511d2abb3006c8c8f"}
{"level":"warn","message":"No photos found for place 549e0f94498e3fb730c1606a"}
{"level":"warn","message":"No photos found for place 50934e08e4b0a7ac6febdf7c"}
{"level":"warn","message":"No photos found for place 545be29c498e223c53f178b0"}
{"level":"warn","message":"No photos found for place 5306827a498e843a59439e0c"}
{"level":"warn","message":"No photos found for place 5306827a498e843a59439e0c"}
{"level":"warn","message":"No photos found for place 545be29c498e223c53f178b0"}
{"level":"warn","message":"No photos found for place 5306827a498e843a59439e0c"}
{"level":"warn","message":"No photos found for place 5306827a498e843a59439e0c"}
{"level":"warn","message":"No photos found for place 545be29c498e223c53f178b0"}
{"level":"warn","message":"No photos found for place 545be29c498e223c53f178b0"}
{"level":"warn","message":"No photos found for place 5306827a498e843a59439e0c"}
{"level":"warn","message":"No photos found for place 5306827a498e843a59439e0c"}
{"level":"warn","message":"No photos found for place 5306827a498e843a59439e0c"}
{"level":"warn","message":"No photos found for place 545be29c498e223c53f178b0"}
{"level":"warn","message":"No photos found for place 5306827a498e843a59439e0c"}
{"level":"warn","message":"No photos found for place 545be29c498e223c53f178b0"}
{"level":"warn","message":"No photos found for place 545be29c498e223c53f178b0"}
{"level":"warn","message":"No photos found for place 5306827a498e843a59439e0c"}
{"level":"warn","message":"No photos found for place 52db67ab498e290481aebce9"}
{"level":"warn","message":"No photos found for place 50a3faffe4b04ed9df73a543"}
{"level":"warn","message":"No photos found for place 52dde2f511d26da7ac2322d4"}
{"level":"warn","message":"No photos found for place 560ddaaa498ee83abf981a82"}
{"level":"warn","message":"No photos found for place 5306827a498e843a59439e0c"}
{"level":"warn","message":"No photos found for place 5306827a498e843a59439e0c"}
{"level":"warn","message":"No photos found for place 52db67ab498e290481aebce9"}
